2026-03-25T19:09:08.720Z | GET /data | Status: 404
2026-03-25T19:11:58.229Z | GET /movies | Status: 200
2026-03-25T19:12:46.636Z | POST /movies | Status: 201
2026-03-25T19:13:34.574Z | PUT /movies/1 | Status: 200
2026-03-25T19:15:46.375Z | GET /movies/ | Status: 200
2026-03-25T19:16:11.209Z | POST /movies/ | Status: 400
2026-03-25T19:16:18.307Z | POST /movies/ | Status: 400
2026-03-25T19:16:29.990Z | POST /movies/ | Status: 400
2026-03-25T19:16:48.238Z | POST /movies/ | Status: 201
2026-03-25T19:17:32.775Z | GET /movies | Status: 200
2026-03-25T19:18:14.053Z | POST /movies | Status: 201
2026-03-25T19:18:59.109Z | POST /movies | Status: 400
2026-03-25T19:19:24.818Z | POST /movies | Status: 400
2026-03-25T19:20:26.429Z | PUT /movies/3 | Status: 200
2026-03-25T19:21:36.302Z | PUT /movies/3 | Status: 200
2026-03-25T19:21:50.361Z | GET /movies | Status: 200
2026-03-25T19:22:36.250Z | GET /movies/99 | Status: 404
2026-03-25T19:22:49.816Z | PUT /movies/99 | Status: 404
2026-03-25T19:23:35.542Z | DELETE /movies/3 | Status: 200
2026-03-25T19:23:44.877Z | GET /movies | Status: 200
2026-03-25T19:24:16.067Z | DELETE /movies/99 | Status: 404
2026-03-25T19:29:57.373Z | PUT /movies/2 | Status: 400
2026-03-25T19:30:16.172Z | PUT /movies/2 | Status: 200
2026-03-25T19:34:05.524Z | GET /movies | Status: 200
2026-03-25T19:34:37.294Z | POST /movies | Status: 201
2026-03-25T19:34:42.380Z | GET /movies | Status: 200
2026-03-25T19:35:25.743Z | POST /movies | Status: 400
2026-03-25T19:35:47.112Z | PUT /movies/2 | Status: 200
2026-03-25T19:35:51.354Z | GET /movies | Status: 200
2026-03-25T19:36:03.236Z | PUT /movies/3 | Status: 200
2026-03-25T19:36:06.890Z | GET /movies | Status: 200
2026-03-25T19:41:24.647Z | GET /movies | Status: 200
2026-03-25T19:41:38.984Z | GET /movies/99 | Status: 404
2026-03-25T19:42:35.809Z | GET /movies | Status: 200
2026-03-25T19:42:49.068Z | POST /movies | Status: 201
2026-03-25T19:43:25.006Z | POST /movies | Status: 400
2026-03-25T19:43:45.790Z | PUT /movies/2 | Status: 200
2026-03-25T19:43:59.208Z | PUT /movies/3 | Status: 200
2026-03-25T19:44:02.841Z | GET /movies | Status: 200
2026-03-25T19:44:14.395Z | PUT /movies/99 | Status: 404
2026-03-25T19:44:28.606Z | DELETE /movies/3 | Status: 200
2026-03-25T19:44:32.186Z | GET /movies | Status: 200
2026-03-25T19:44:39.832Z | DELETE /movies/99 | Status: 404
2026-03-25T19:46:50.408Z | GET /movies | Status: 200
2026-03-25T19:47:31.306Z | POST /movies | Status: 201
2026-03-25T19:47:38.035Z | GET /movies | Status: 200
2026-03-25T19:47:56.230Z | POST /movies | Status: 400
2026-03-25T19:48:21.855Z | PUT /movies/2 | Status: 200
2026-03-25T19:48:25.159Z | GET /movies | Status: 200
2026-03-25T19:48:53.267Z | PUT /movies/3 | Status: 404
2026-03-25T19:49:17.231Z | PUT /movies/5 | Status: 200
2026-03-25T19:49:20.939Z | GET /movies | Status: 200
2026-03-25T19:49:25.944Z | PUT /movies/99 | Status: 404
2026-03-25T19:49:47.065Z | DELETE /movies/5 | Status: 200
2026-03-25T19:49:52.520Z | GET /movies | Status: 200
2026-03-25T19:49:58.396Z | DELETE /movies/99 | Status: 404
2026-03-25T19:52:26.485Z | GET /movies | Status: 200
2026-03-25T19:53:26.617Z | GET /movies | Status: 200
2026-03-25T19:53:45.613Z | POST /movies | Status: 201
2026-03-25T19:53:48.245Z | GET /movies | Status: 200
2026-03-25T19:54:14.050Z | POST /movies | Status: 400
2026-03-25T19:54:38.022Z | PUT /movies/1 | Status: 200
2026-03-25T19:54:42.267Z | GET /movies | Status: 200
2026-03-25T19:55:07.439Z | PUT /movies/1 | Status: 400
2026-03-25T19:55:18.534Z | PUT /movies/1 | Status: 400
2026-03-25T19:55:44.073Z | PUT /movies/1 | Status: 200
2026-03-25T19:57:33.816Z | GET /movies | Status: 200
2026-03-25T19:57:42.482Z | POST /movies | Status: 201
2026-03-25T19:57:46.134Z | GET /movies | Status: 200
2026-03-25T19:58:09.261Z | POST /movies | Status: 400
2026-03-25T19:58:40.954Z | POST /movies | Status: 201
2026-03-25T19:58:44.550Z | GET /movies | Status: 200
2026-03-25T19:59:00.596Z | PUT /movies/1 | Status: 200
2026-03-25T19:59:03.769Z | GET /movies | Status: 200
2026-03-25T19:59:25.678Z | PUT /movies/2 | Status: 200
2026-03-25T19:59:29.716Z | GET /movies | Status: 200
2026-03-25T19:59:35.021Z | PUT /movies/99 | Status: 404
2026-03-25T19:59:59.943Z | DELETE /movies/2 | Status: 200
2026-03-25T20:00:06.512Z | DELETE /movies/99 | Status: 404
2026-03-25T20:00:40.041Z | GET /movies | Status: 200
2026-03-25T20:01:58.751Z | GET /movies | Status: 200
2026-03-25T20:02:12.608Z | POST /movies | Status: 201
2026-03-25T20:02:15.680Z | GET /movies | Status: 200
2026-03-25T20:02:51.136Z | POST /movies | Status: 400
2026-03-25T20:03:20.209Z | POST /movies | Status: 201
2026-03-25T20:03:24.237Z | GET /movies | Status: 200
2026-03-25T20:03:36.681Z | PUT /movies/1 | Status: 200
2026-03-25T20:03:39.663Z | GET /movies | Status: 200
2026-03-25T20:03:50.607Z | PUT /movies/2 | Status: 200
2026-03-25T20:03:53.882Z | GET /movies | Status: 200
2026-03-25T20:04:00.490Z | PUT /movies/99 | Status: 404
2026-03-25T20:04:10.971Z | DELETE /movies/2 | Status: 200
2026-03-25T20:04:14.126Z | GET /movies | Status: 200
2026-03-25T20:04:20.879Z | DELETE /movies/99 | Status: 404
2026-03-25T20:12:24.471Z | GET /movies | Status: 200
2026-03-25T20:12:40.092Z | POST /movies | Status: 201
2026-03-25T20:12:42.943Z | GET /movies | Status: 200
2026-03-25T20:13:08.679Z | POST /movies | Status: 400
2026-03-25T20:13:22.030Z | POST /movies | Status: 201
2026-03-25T20:13:27.677Z | GET /movies | Status: 200
2026-03-25T20:13:44.153Z | PUT /movies/1 | Status: 200
2026-03-25T20:13:46.608Z | GET /movies | Status: 200
2026-03-25T20:13:57.389Z | PUT /movies/2 | Status: 200
2026-03-25T20:14:00.146Z | GET /movies | Status: 200
2026-03-25T20:14:07.855Z | PUT /movies/99 | Status: 404
2026-03-25T20:14:22.525Z | DELETE /movies/2 | Status: 200
2026-03-25T20:14:25.811Z | GET /movies | Status: 200
2026-03-25T20:14:31.268Z | DELETE /movies/99 | Status: 404
